[debug] [2023-10-18T17:54:37.151Z] ----------------------------------------------------------------------
[debug] [2023-10-18T17:54:37.153Z] Command:       C:\Program Files\nodejs\node.exe C:\Users\salee\AppData\Roaming\npm\node_modules\firebase-tools\lib\bin\firebase.js init hosting
[debug] [2023-10-18T17:54:37.153Z] CLI Version:   12.7.0
[debug] [2023-10-18T17:54:37.154Z] Platform:      win32
[debug] [2023-10-18T17:54:37.154Z] Node Version:  v18.18.0
[debug] [2023-10-18T17:54:37.155Z] Time:          Wed Oct 18 2023 22:54:37 GMT+0500 (Pakistan Standard Time)
[debug] [2023-10-18T17:54:37.155Z] ----------------------------------------------------------------------
[debug] 
[debug] [2023-10-18T17:54:37.164Z] > command requires scopes: ["email","openid","https://www.googleapis.com/auth/cloudplatformprojects.readonly","https://www.googleapis.com/auth/firebase","https://www.googleapis.com/auth/cloud-platform"]
[debug] [2023-10-18T17:54:37.165Z] > authorizing via signed-in user (saleemyasin030@gmail.com)
[info] 
     ######## #### ########  ######## ########     ###     ######  ########
     ##        ##  ##     ## ##       ##     ##  ##   ##  ##       ##
     ######    ##  ########  ######   ########  #########  ######  ######
     ##        ##  ##    ##  ##       ##     ## ##     ##       ## ##
     ##       #### ##     ## ######## ########  ##     ##  ######  ########

You're about to initialize a Firebase project in this directory:

  A:\public

[info] 
=== Project Setup
[info] 
[info] First, let's associate this project directory with a Firebase project.
[info] You can create multiple project aliases by running firebase use --add, 
[info] but for now we'll just set up a default project.
[info] 
[debug] [2023-10-18T17:54:48.987Z] >>> [apiv2][query] GET https://firebase.googleapis.com/v1beta1/projects pageSize=100
[debug] [2023-10-18T17:54:49.872Z] <<< [apiv2][status] GET https://firebase.googleapis.com/v1beta1/projects 200
[debug] [2023-10-18T17:54:49.872Z] <<< [apiv2][body] GET https://firebase.googleapis.com/v1beta1/projects [omitted]
[info] i  Using project vidplay-3db58 (vidplay) 
[info] 
=== Hosting Setup
[info] 
[info] Your public directory is the folder (relative to your project directory) that
[info] will contain Hosting assets to be uploaded with firebase deploy. If you
[info] have a build process for your assets, use your build's output directory.
[info] 
[debug] [2023-10-18T17:55:31.894Z] >>> [apiv2][query] GET https://www.gstatic.com/firebasejs/releases.json [none]
[debug] [2023-10-18T17:55:32.120Z] <<< [apiv2][status] GET https://www.gstatic.com/firebasejs/releases.json 200
[debug] [2023-10-18T17:55:32.120Z] <<< [apiv2][body] GET https://www.gstatic.com/firebasejs/releases.json {"current":{"version":"10.5.0","browserURL":"https://www.gstatic.com/firebasejs/10.5.0/firebase.js","packageURL":"https://www.gstatic.com/firebasejs/10.5.0/firebase.tgz"},"live":{"version":"10.5","browserURL":"https://www.gstatic.com/firebasejs/live/10.5/firebase.js","packageURL":"https://www.gstatic.com/firebasejs/live/10.5/firebase.tgz"},"components":{"analytics":"https://www.gstatic.com/firebasejs/10.5.0/firebase-analytics.js","app":"https://www.gstatic.com/firebasejs/10.5.0/firebase-app.js","app-check":"https://www.gstatic.com/firebasejs/10.5.0/firebase-app-check.js","auth":"https://www.gstatic.com/firebasejs/10.5.0/firebase-auth.js","auth/cordova":"https://www.gstatic.com/firebasejs/10.5.0/firebase-auth/cordova.js","functions":"https://www.gstatic.com/firebasejs/10.5.0/firebase-functions.js","firestore":"https://www.gstatic.com/firebasejs/10.5.0/firebase-firestore.js","firestore/lite":"https://www.gstatic.com/firebasejs/10.5.0/firebase-firestore/lite.js","installations":"https://www.gstatic.com/firebasejs/10.5.0/firebase-installations.js","storage":"https://www.gstatic.com/firebasejs/10.5.0/firebase-storage.js","performance":"https://www.gstatic.com/firebasejs/10.5.0/firebase-performance.js","remote-config":"https://www.gstatic.com/firebasejs/10.5.0/firebase-remote-config.js","messaging":"https://www.gstatic.com/firebasejs/10.5.0/firebase-messaging.js","messaging/sw":"https://www.gstatic.com/firebasejs/10.5.0/firebase-messaging/sw.js","database":"https://www.gstatic.com/firebasejs/10.5.0/firebase-database.js","firestore.memory":"https://www.gstatic.com/firebasejs/10.5.0/firebase-firestore.memory.js"}}
[info] +  Wrote public/index.html 
[info] 
[info] i  Didn't detect a .git folder. Assuming A:\public is the project root. 
[info] i  Authorizing with GitHub to upload your service account to a GitHub repository's secrets store. 
[info] 
[info] Visit this URL on this device to log in:
[info] https://github.com/login/oauth/authorize?client_id=89cf50f02ac6aaed3484&state=384812819&redirect_uri=http%3A%2F%2Flocalhost%3A9005&scope=read%3Auser%20repo%20public_repo
[info] 
[info] Waiting for authentication...
[debug] [2023-10-18T17:59:01.882Z] >>> [apiv2][query] POST https://github.com/login/oauth/access_token [none]
[debug] [2023-10-18T17:59:01.882Z] >>> [apiv2][body] POST https://github.com/login/oauth/access_token [stream]
[debug] [2023-10-18T17:59:02.537Z] <<< [apiv2][status] POST https://github.com/login/oauth/access_token 200
[debug] [2023-10-18T17:59:02.537Z] <<< [apiv2][body] POST https://github.com/login/oauth/access_token {"access_token":"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","token_type":"bearer","scope":"read:user,repo"}
[debug] [2023-10-18T17:59:02.544Z] >>> [apiv2][query] GET https://api.github.com/user [none]
[debug] [2023-10-18T17:59:03.204Z] <<< [apiv2][status] GET https://api.github.com/user 200
[debug] [2023-10-18T17:59:03.204Z] <<< [apiv2][body] GET https://api.github.com/user {"login":"SaleemYasin","id":110344523,"node_id":"U_kgDOBpO5Sw","avatar_url":"https://avatars.githubusercontent.com/u/110344523?v=4","gravatar_id":"","url":"https://api.github.com/users/SaleemYasin","html_url":"https://github.com/SaleemYasin","followers_url":"https://api.github.com/users/SaleemYasin/followers","following_url":"https://api.github.com/users/SaleemYasin/following{/other_user}","gists_url":"https://api.github.com/users/SaleemYasin/gists{/gist_id}","starred_url":"https://api.github.com/users/SaleemYasin/starred{/owner}{/repo}","subscriptions_url":"https://api.github.com/users/SaleemYasin/subscriptions","organizations_url":"https://api.github.com/users/SaleemYasin/orgs","repos_url":"https://api.github.com/users/SaleemYasin/repos","events_url":"https://api.github.com/users/SaleemYasin/events{/privacy}","received_events_url":"https://api.github.com/users/SaleemYasin/received_events","type":"User","site_admin":false,"name":"Saleem","company":"DigitEMB","blog":"","location":null,"email":null,"hireable":null,"bio":"Experienced Flutter , Android developer with 2 years of expertise. Skilled in PHP, Laravel, JavaScript, HTML, and CSS for building innovative mobile and web App","twitter_username":null,"public_repos":0,"public_gists":0,"followers":0,"following":0,"created_at":"2022-07-31T15:12:18Z","updated_at":"2023-09-02T20:48:50Z","private_gists":0,"total_private_repos":2,"owned_private_repos":2,"disk_usage":47481,"collaborators":0,"two_factor_authentication":false,"plan":{"name":"free","space":976562499,"collaborators":0,"private_repos":10000}}
[info] 
[info] +  Success! Logged into GitHub as SaleemYasin 
[info] 
[debug] [2023-10-18T17:59:16.550Z] >>> [apiv2][query] GET https://api.github.com/repos//actions/secrets/public-key type=owner
[debug] [2023-10-18T17:59:17.072Z] <<< [apiv2][status] GET https://api.github.com/repos//actions/secrets/public-key 404
[debug] [2023-10-18T17:59:17.073Z] <<< [apiv2][body] GET https://api.github.com/repos//actions/secrets/public-key {"message":"Not Found","documentation_url":"https://docs.github.com/rest"}
[info] 
[info] 
[error] !  The provided authorization cannot be used with this repository. If this repository is in an organization, did you remember to grant access? 
[info] 
[info] i  Action required: Visit this URL to ensure access has been granted to the appropriate organization(s) for the Firebase CLI GitHub OAuth App: 
[info] https://github.com/settings/connections/applications/89cf50f02ac6aaed3484
[info] 
[debug] [2023-10-18T18:00:04.117Z] >>> [apiv2][query] GET https://api.github.com/repos//actions/secrets/public-key type=owner
[debug] [2023-10-18T18:00:04.803Z] <<< [apiv2][status] GET https://api.github.com/repos//actions/secrets/public-key 404
[debug] [2023-10-18T18:00:04.803Z] <<< [apiv2][body] GET https://api.github.com/repos//actions/secrets/public-key {"message":"Not Found","documentation_url":"https://docs.github.com/rest"}
[info] 
[info] 
[error] !  The provided authorization cannot be used with this repository. If this repository is in an organization, did you remember to grant access? 
[info] 
[info] i  Action required: Visit this URL to ensure access has been granted to the appropriate organization(s) for the Firebase CLI GitHub OAuth App: 
[info] https://github.com/settings/connections/applications/89cf50f02ac6aaed3484
[info] 
[debug] [2023-10-18T18:00:19.829Z] >>> [apiv2][query] GET https://api.github.com/repos//actions/secrets/public-key type=owner
[debug] [2023-10-18T18:00:20.348Z] <<< [apiv2][status] GET https://api.github.com/repos//actions/secrets/public-key 404
[debug] [2023-10-18T18:00:20.348Z] <<< [apiv2][body] GET https://api.github.com/repos//actions/secrets/public-key {"message":"Not Found","documentation_url":"https://docs.github.com/rest"}
[info] 
[info] 
[error] !  The provided authorization cannot be used with this repository. If this repository is in an organization, did you remember to grant access? 
[info] 
[info] i  Action required: Visit this URL to ensure access has been granted to the appropriate organization(s) for the Firebase CLI GitHub OAuth App: 
[info] https://github.com/settings/connections/applications/89cf50f02ac6aaed3484
[info] 
[debug] [2023-10-18T18:00:39.557Z] >>> [apiv2][query] GET https://api.github.com/repos/vidplay/actions/secrets/public-key type=owner
[debug] [2023-10-18T18:00:40.102Z] <<< [apiv2][status] GET https://api.github.com/repos/vidplay/actions/secrets/public-key 404
[debug] [2023-10-18T18:00:40.102Z] <<< [apiv2][body] GET https://api.github.com/repos/vidplay/actions/secrets/public-key {"message":"Not Found","documentation_url":"https://docs.github.com/rest"}
[info] 
[info] 
[error] !  The provided authorization cannot be used with this repository. If this repository is in an organization, did you remember to grant access? 
[info] 
[info] i  Action required: Visit this URL to ensure access has been granted to the appropriate organization(s) for the Firebase CLI GitHub OAuth App: 
[info] https://github.com/settings/connections/applications/89cf50f02ac6aaed3484
[info] 
[debug] [2023-10-18T18:03:26.405Z] >>> [apiv2][query] GET https://api.github.com/repos/vidplay/actions/secrets/public-key type=owner
[debug] [2023-10-18T18:03:27.022Z] <<< [apiv2][status] GET https://api.github.com/repos/vidplay/actions/secrets/public-key 404
[debug] [2023-10-18T18:03:27.022Z] <<< [apiv2][body] GET https://api.github.com/repos/vidplay/actions/secrets/public-key {"message":"Not Found","documentation_url":"https://docs.github.com/rest"}
[info] 
[info] 
[error] !  The provided authorization cannot be used with this repository. If this repository is in an organization, did you remember to grant access? 
[info] 
[info] i  Action required: Visit this URL to ensure access has been granted to the appropriate organization(s) for the Firebase CLI GitHub OAuth App: 
[info] https://github.com/settings/connections/applications/89cf50f02ac6aaed3484
[info] 
[debug] [2023-10-18T18:03:31.413Z] >>> [apiv2][query] GET https://api.github.com/repos/vidplay/actions/secrets/public-key type=owner
[debug] [2023-10-18T18:03:31.951Z] <<< [apiv2][status] GET https://api.github.com/repos/vidplay/actions/secrets/public-key 404
[debug] [2023-10-18T18:03:31.952Z] <<< [apiv2][body] GET https://api.github.com/repos/vidplay/actions/secrets/public-key {"message":"Not Found","documentation_url":"https://docs.github.com/rest"}
[info] 
[info] 
[error] !  The provided authorization cannot be used with this repository. If this repository is in an organization, did you remember to grant access? 
[info] 
[info] i  Action required: Visit this URL to ensure access has been granted to the appropriate organization(s) for the Firebase CLI GitHub OAuth App: 
[info] https://github.com/settings/connections/applications/89cf50f02ac6aaed3484
[info] 
